e:\prog\chess\chess\chess\x64\release\vc143.pdb
e:\prog\chess\chess\chess\x64\release\uci.obj
e:\prog\chess\chess\chess\x64\release\move.obj
e:\prog\chess\chess\chess\x64\release\position.obj
e:\prog\chess\chess\chess\x64\release\movegen.obj
e:\prog\chess\chess\chess\x64\release\evaluation.obj
e:\prog\chess\chess\chess\x64\release\bitboard_lookup.obj
e:\prog\chess\chess\chess\x64\release\bitboard.obj
e:\prog\chess\chess\x64\release\chess.exe
e:\prog\chess\chess\x64\release\chess.pdb
e:\prog\chess\chess\chess\x64\release\chess.ipdb
e:\prog\chess\chess\chess\x64\release\chess.iobj
e:\prog\chess\chess\chess\x64\release\chess.tlog\cl.command.1.tlog
e:\prog\chess\chess\chess\x64\release\chess.tlog\cl.items.tlog
e:\prog\chess\chess\chess\x64\release\chess.tlog\cl.read.1.tlog
e:\prog\chess\chess\chess\x64\release\chess.tlog\cl.write.1.tlog
e:\prog\chess\chess\chess\x64\release\chess.tlog\link.command.1.tlog
e:\prog\chess\chess\chess\x64\release\chess.tlog\link.read.1.tlog
e:\prog\chess\chess\chess\x64\release\chess.tlog\link.secondary.1.tlog
e:\prog\chess\chess\chess\x64\release\chess.tlog\link.write.1.tlog
